<?xml version="1.0" encoding="UTF-8"?>
<testng-results skipped="0" failed="0" ignored="0" total="1" passed="1">
  <reporter-output>
  </reporter-output>
  <suite name="Default suite" duration-ms="4161" started-at="2021-08-15T20:43:35 IST" finished-at="2021-08-15T20:43:39 IST">
    <groups>
    </groups>
    <test name="Default test" duration-ms="4161" started-at="2021-08-15T20:43:35 IST" finished-at="2021-08-15T20:43:39 IST">
      <class name="ApiMethodsTests">
        <test-method status="PASS" signature="getUserDetailsTest()[pri:0, instance:ApiMethodsTests@1efed156]" name="getUserDetailsTest" duration-ms="4088" started-at="2021-08-15T20:43:35 IST" finished-at="2021-08-15T20:43:39 IST">
          <reporter-output>
          </reporter-output>
        </test-method> <!-- getUserDetailsTest -->
      </class> <!-- ApiMethodsTests -->
    </test> <!-- Default test -->
  </suite> <!-- Default suite -->
</testng-results>
